<?xml version="1.0" encoding="UTF-8"?>
<!-- Generated by org.testng.reporters.JUnitXMLReporter -->
<testsuite ignored="0" hostname="DESKTOP-9VS0LAJ" failures="0" tests="11" name="testngReports" time="11.439" errors="0" timestamp="2024-04-09T17:38:01 IST">
  <testcase classname="apr3.SecondTestNGClass" name="@BeforeMethod SetUp" time="3.544">
    <failure type="org.openqa.selenium.NoSuchWindowException" message="no such window: target window already closed
from unknown error: web view not found
  (Session info: chrome=123.0.6312.106)
Build info: version: &amp;apos;4.17.0&amp;apos;, revision: &amp;apos;e52b1be057*&amp;apos;
System info: os.name: &amp;apos;Windows 10&amp;apos;, os.arch: &amp;apos;amd64&amp;apos;, os.version: &amp;apos;10.0&amp;apos;, java.version: &amp;apos;17.0.8&amp;apos;
Driver info: org.openqa.selenium.chrome.ChromeDriver
Command: [67d64dcc2efd7061efea7a274ae3018c, findElement {value=txtUsername, using=name}]
Capabilities {acceptInsecureCerts: false, browserName: chrome, browserVersion: 123.0.6312.106, chrome: {chromedriverVersion: 123.0.6312.105 (399174dbe6e..., userDataDir: C:\Users\Admin\AppData\Loca...}, fedcm:accounts: true, goog:chromeOptions: {debuggerAddress: localhost:61140}, networkConnectionEnabled: false, pageLoadStrategy: normal, platformName: windows, proxy: Proxy(), se:cdp: ws://localhost:61140/devtoo..., se:cdpVersion: 123.0.6312.106, setWindowRect: true, strictFileInteractability: false, timeouts: {implicit: 0, pageLoad: 300000, script: 30000}, unhandledPromptBehavior: dismiss and notify, webauthn:extension:credBlob: true, webauthn:extension:largeBlob: true, webauthn:extension:minPinLength: true, webauthn:extension:prf: true, webauthn:virtualAuthenticators: true}
Session ID: 67d64dcc2efd7061efea7a274ae3018c">
      <![CDATA[org.openqa.selenium.NoSuchWindowException: no such window: target window already closed
from unknown error: web view not found
  (Session info: chrome=123.0.6312.106)
Build info: version: '4.17.0', revision: 'e52b1be057*'
System info: os.name: 'Windows 10', os.arch: 'amd64', os.version: '10.0', java.version: '17.0.8'
Driver info: org.openqa.selenium.chrome.ChromeDriver
Command: [67d64dcc2efd7061efea7a274ae3018c, findElement {value=txtUsername, using=name}]
Capabilities {acceptInsecureCerts: false, browserName: chrome, browserVersion: 123.0.6312.106, chrome: {chromedriverVersion: 123.0.6312.105 (399174dbe6e..., userDataDir: C:\Users\Admin\AppData\Loca...}, fedcm:accounts: true, goog:chromeOptions: {debuggerAddress: localhost:61140}, networkConnectionEnabled: false, pageLoadStrategy: normal, platformName: windows, proxy: Proxy(), se:cdp: ws://localhost:61140/devtoo..., se:cdpVersion: 123.0.6312.106, setWindowRect: true, strictFileInteractability: false, timeouts: {implicit: 0, pageLoad: 300000, script: 30000}, unhandledPromptBehavior: dismiss and notify, webauthn:extension:credBlob: true, webauthn:extension:largeBlob: true, webauthn:extension:minPinLength: true, webauthn:extension:prf: true, webauthn:virtualAuthenticators: true}
Session ID: 67d64dcc2efd7061efea7a274ae3018c
at org.openqa.selenium.remote.codec.w3c.W3CHttpResponseCodec.createException(W3CHttpResponseCodec.java:185)
at org.openqa.selenium.remote.codec.w3c.W3CHttpResponseCodec.decode(W3CHttpResponseCodec.java:134)
at org.openqa.selenium.remote.codec.w3c.W3CHttpResponseCodec.decode(W3CHttpResponseCodec.java:51)
at org.openqa.selenium.remote.HttpCommandExecutor.execute(HttpCommandExecutor.java:190)
at org.openqa.selenium.remote.service.DriverCommandExecutor.invokeExecute(DriverCommandExecutor.java:216)
at org.openqa.selenium.remote.service.DriverCommandExecutor.execute(DriverCommandExecutor.java:174)
at org.openqa.selenium.remote.RemoteWebDriver.execute(RemoteWebDriver.java:519)
at org.openqa.selenium.remote.ElementLocation$ElementFinder$2.findElement(ElementLocation.java:165)
at org.openqa.selenium.remote.ElementLocation.findElement(ElementLocation.java:66)
at org.openqa.selenium.remote.RemoteWebDriver.findElement(RemoteWebDriver.java:356)
at org.openqa.selenium.remote.RemoteWebDriver.findElement(RemoteWebDriver.java:350)
at apr3.SecondTestNGClass.SetUp(SecondTestNGClass.java:26)
at java.base/java.util.ArrayList.forEach(ArrayList.java:1511)
... Removed 36 stack frames]]>
    </failure>
  </testcase> <!-- @BeforeMethod SetUp -->
  <testcase classname="apr3.SecondTestNGClass" name="@BeforeMethod SetUp" time="-1.712664480307E9">
    <skipped/>
  </testcase> <!-- @BeforeMethod SetUp -->
  <testcase classname="apr3.SecondTestNGClass" name="@BeforeMethod SetUp" time="-1.712664480323E9">
    <skipped/>
  </testcase> <!-- @BeforeMethod SetUp -->
  <testcase classname="apr3.SecondTestNGClass" name="@BeforeMethod SetUp" time="-1.71266448037E9">
    <skipped/>
  </testcase> <!-- @BeforeMethod SetUp -->
  <testcase classname="apr3.SecondTestNGClass" name="@BeforeMethod SetUp" time="-1.712664480388E9">
    <skipped/>
  </testcase> <!-- @BeforeMethod SetUp -->
  <testcase classname="apr3.SecondTestNGClass" name="@BeforeMethod SetUp" time="-1.712664480396E9">
    <skipped/>
  </testcase> <!-- @BeforeMethod SetUp -->
  <testcase classname="apr3.SecondTestNGClass" name="@BeforeMethod SetUp" time="-1.712664480418E9">
    <skipped/>
  </testcase> <!-- @BeforeMethod SetUp -->
  <testcase classname="apr3.SecondTestNGClass" name="@BeforeMethod SetUp" time="-1.712664480445E9">
    <skipped/>
  </testcase> <!-- @BeforeMethod SetUp -->
  <testcase classname="apr3.SecondTestNGClass" name="@AfterClass tearDown" time="-1.712664480468E9">
    <skipped/>
  </testcase> <!-- @AfterClass tearDown -->
  <testcase classname="apr3.FirstTestNGClass" name="cbanking" time="0.744"/>
  <testcase classname="apr3.FirstTestNGClass" name="ibanking" time="0.465"/>
  <testcase classname="apr3.FirstTestNGClass" name="pbanking" time="0.71"/>
  <testcase classname="apr3.SecondTestNGClass" name="pim" time="0.0">
    <skipped/>
  </testcase> <!-- pim -->
  <testcase classname="apr3.SecondTestNGClass" name="pim" time="0.0">
    <skipped/>
  </testcase> <!-- pim -->
  <testcase classname="apr3.SecondTestNGClass" name="leave" time="0.001">
    <skipped/>
  </testcase> <!-- leave -->
  <testcase classname="apr3.SecondTestNGClass" name="admin" time="0.0">
    <skipped/>
  </testcase> <!-- admin -->
  <testcase classname="apr3.SecondTestNGClass" name="admin" time="0.0">
    <skipped/>
  </testcase> <!-- admin -->
  <testcase classname="apr3.SecondTestNGClass" name="admin" time="0.0">
    <skipped/>
  </testcase> <!-- admin -->
  <testcase classname="apr3.SecondTestNGClass" name="admin" time="0.0">
    <skipped/>
  </testcase> <!-- admin -->
  <testcase classname="apr3.SecondTestNGClass" name="admin" time="0.0">
    <skipped/>
  </testcase> <!-- admin -->
</testsuite> <!-- testngReports -->
